2025-06-30 16:00:38,656 - INFO - This is a event:0
2025-06-30 16:00:52,326 - INFO - -------getAllHistory
2025-06-30 16:00:52,326 - INFO - []
2025-06-30 16:00:52,326 - INFO - ------history_actions  _prompt------
2025-06-30 16:00:52,326 - INFO - -------getAllHistory
2025-06-30 16:00:52,327 - INFO - []
2025-06-30 16:00:52,327 - INFO - []
2025-06-30 16:00:52,383 - INFO - --------check_instructions------prompt
2025-06-30 16:01:02,910 - INFO - --------check_instructions------answer
2025-06-30 16:01:02,910 - INFO - ```json
{
    "task": "Change the location to United Kingdom",
    "explanation": {
        "current state": "Currently in the main interface of the YouTube application",
        "finished step": "None",
        "error reason": "The current interface does not show the settings menu or location options",
        "revised method": "Navigate to the settings menu",
        "next_instruction": "Click on the 'You' tab to access the user profile and settings"
    },
    "updated_activities_sequence": [
        {
            "activity": "Shell_SettingsActivity",
            "steps": [
                "1. Navigate to the settings menu within the YouTube application.",
                "2. Locate and select the 'Location' or 'Region' settings option."
            ]
        },
        {
            "activity": "SettingsActivity",
            "steps": [
                "3. Find the 'Location' or 'Region' preference in the settings list.",
                "4. Select 'United Kingdom' from the available location options.",
                "5. Confirm the selection to apply the new location settings."
            ]
        }
    ]
}
```
2025-06-30 16:01:02,957 - INFO - ----------------------do event prompt----------------------
2025-06-30 16:01:02,958 - INFO - 
Currently we have 38 widgets, namely:
index-0: a View (accessibility information: ,  resource_id "watch_while_layout_coordinator_layout", content-desc: "", text: "", selected: "false", checked:  "false", text: ) to vertical_scroll
index-1: a View (accessibility information: ,  resource_id "watch_while_layout_coordinator_layout", content-desc: "", text: "", selected: "false", checked:  "false", text: ) to horizontal_scroll
index-2: a View (accessibility information: Cast. Disconnected,  resource_id "media_route_button", content-desc: "Cast. Disconnected", text: "", selected: "false", checked:  "false", text: ) to click
index-3: a View (accessibility information: Notifications,  resource_id "menu_item_view", content-desc: "Notifications", text: "", selected: "false", checked:  "false", text: ) to click
index-4: a View (accessibility information: Search,  resource_id "menu_item_view", content-desc: "Search", text: "", selected: "false", checked:  "false", text: ) to click
index-5: a View (accessibility information: filters, text: ) to vertical_scroll
index-6: a View (accessibility information: filters, text: ) to horizontal_scroll
index-7: a View (accessibility information: , text: ) to click
index-8: a View (accessibility information: ,  resource_id "chip_cloud_chip_modern_text", content-desc: "", text: "All", selected: "true", checked:  "false", text: All) to click
index-9: a View (accessibility information: ,  resource_id "chip_cloud_chip_modern_text", content-desc: "", text: "Badminton", selected: "false", checked:  "false", text: Badminton) to click
index-10: a View (accessibility information: ,  resource_id "chip_cloud_chip_modern_text", content-desc: "", text: "Podcasts", selected: "false", checked:  "false", text: Podcasts) to click
index-11: a View (accessibility information: ,  resource_id "chip_cloud_chip_modern_text", content-desc: "", text: "Gaming", selected: "false", checked:  "false", text: Gaming) to click
index-12: a View (accessibility information: ,  resource_id "results", content-desc: "", text: "", selected: "false", checked:  "false", text: ) to vertical_scroll
index-13: a View (accessibility information: ,  resource_id "results", content-desc: "", text: "", selected: "false", checked:  "false", text: ) to horizontal_scroll
index-14: a View (accessibility information: , text: ) to click
index-15: a View (accessibility information: , text: ) to click
index-16: a View (accessibility information: , text: ) to click
index-17: a View (accessibility information: , text: ) to click
index-18: a View (accessibility information: More options, text: ) to click
index-19: a View (accessibility information: , text: ) to click
index-20: a View (accessibility information: Action menu, text: ) to click
index-21: a View (accessibility information: , text: ) to click
index-22: a View (accessibility information: , text: ) to click
index-23: a View (accessibility information: , text: ) to click
index-24: a View (accessibility information: More actions, text: ) to click
index-25: a View (accessibility information: , text: ) to click
index-26: a View (accessibility information: , text: ) to click
index-27: a View (accessibility information: , text: ) to click
index-28: a View (accessibility information: More actions, text: ) to click
index-29: a View (accessibility information: ,  resource_id "image", content-desc: "", text: "", selected: "true", checked:  "false", text: ) to click
index-30: a View (accessibility information: ,  resource_id "text", content-desc: "", text: "Home", selected: "true", checked:  "false", text: Home) to click
index-31: a View (accessibility information: ,  resource_id "image", content-desc: "", text: "", selected: "false", checked:  "false", text: ) to click
index-32: a View (accessibility information: ,  resource_id "text", content-desc: "", text: "Shorts", selected: "false", checked:  "false", text: Shorts) to click
index-33: a View (accessibility information: ,  resource_id "image", content-desc: "", text: "", selected: "false", checked:  "false", text: ) to click
index-34: a View (accessibility information: ,  resource_id "image", content-desc: "", text: "", selected: "false", checked:  "false", text: ) to click
index-35: a View (accessibility information: ,  resource_id "text", content-desc: "", text: "Subscriptions", selected: "false", checked:  "false", text: Subscriptions) to click
index-36: a View (accessibility information: ,  resource_id "pivot_bar_thumbnail", content-desc: "", text: "", selected: "false", checked:  "false", text: ) to click
index-37: a View (accessibility information: ,  resource_id "text", content-desc: "", text: "You", selected: "false", checked:  "false", text: You) to click
We now want to execute this instruction **"Click on the 'You' tab to access the user profile and settings"**, which is part of Remember our test target is to Change the location to United Kingdom on Youtube.
If no widget is related to the instruction, you should choose the most relative widget about the task Remember our test target is to Change the location to United Kingdom on Youtube..Note that Yes and OK are synonyms, and NO and cancel are synonyms. These two words are not distinguished in the task.
Remember our test target is to Change the location to United Kingdom on Youtube.
2025-06-30 16:01:05,894 - INFO - ----------------------do event prompt result----------------------
2025-06-30 16:01:05,895 - INFO - 37
2025-06-30 16:01:21,481 - INFO - ----------------------do event prompt----------------------
2025-06-30 16:01:21,481 - INFO - 
Currently we have 51 widgets, namely:
index-0: a View (accessibility information: Cast. Disconnected,  resource_id "media_route_button", content-desc: "Cast. Disconnected", text: "", selected: "false", checked:  "false") to click
index-1: a View (accessibility information: Notifications,  resource_id "menu_item_view", content-desc: "Notifications", text: "", selected: "false", checked:  "false") to click
index-2: a View (accessibility information: Search,  resource_id "menu_item_view", content-desc: "Search", text: "", selected: "false", checked:  "false") to click
index-3: a View (accessibility information: Settings,  resource_id "menu_item_view", content-desc: "Settings", text: "", selected: "false", checked:  "false") to click
index-4: a View ( resource_id "results", content-desc: "", text: "", selected: "false", checked:  "false", text: ) to vertical_scroll
index-5: a View ( resource_id "results", content-desc: "", text: "", selected: "false", checked:  "false", text: ) to horizontal_scroll
index-6: a View (text: ) to click
index-7: a View (text: ) to click
index-8: a View (accessibility information: scroll to see more options, , text: ) to vertical_scroll
index-9: a View (accessibility information: scroll to see more options, , text: ) to horizontal_scroll
index-10: a View (text: ) to click
index-11: a View (text: ) to click
index-12: a View (text: ) to click
index-13: a View (accessibility information: View all) to click
index-14: a View (text: ) to click
index-15: a View (accessibility information: View all) to click
index-16: a View (text: ) to vertical_scroll
index-17: a View (text: ) to horizontal_scroll
index-18: a View (text: ) to click
index-19: a View (text: ) to click
index-20: a View (text: ) to click
index-21: a View (text: ) to click
index-22: a View (text: ) to click
index-23: a View (accessibility information: Action menu) to click
index-24: a View (text: ) to click
index-25: a View (text: ) to click
index-26: a View (text: ) to click
index-27: a View (text: ) to click
index-28: a View (text: ) to click
index-29: a View (accessibility information: Action menu) to click
index-30: a View (accessibility information: New playlist) to click
index-31: a View ( resource_id "icon_avatar", content-desc: "", text: "", selected: "false", checked:  "false", text: ) to click
index-32: a View ( resource_id "title", content-desc: "", text: "Your videos", selected: "false", checked:  "false", text: Your videos) to click
index-33: a View ( resource_id "thumbnail", content-desc: "", text: "", selected: "false", checked:  "false", text: ) to click
index-34: a View ( resource_id "title", content-desc: "", text: "Your movies & TV", selected: "false", checked:  "false", text: Your movies & TV) to click
index-35: a View ( resource_id "thumbnail", content-desc: "", text: "", selected: "false", checked:  "false", text: ) to click
index-36: a View ( resource_id "title", content-desc: "", text: "Get YouTube Premium", selected: "false", checked:  "false", text: Get YouTube Premium) to click
index-37: a View ( resource_id "thumbnail", content-desc: "", text: "", selected: "false", checked:  "false", text: ) to click
index-38: a View ( resource_id "title", content-desc: "", text: "Time watched", selected: "false", checked:  "false", text: Time watched) to click
index-39: a View ( resource_id "thumbnail", content-desc: "", text: "", selected: "false", checked:  "false", text: ) to click
index-40: a View ( resource_id "title", content-desc: "", text: "Help & feedback", selected: "false", checked:  "false", text: Help & feedback) to click
index-41: a View ( resource_id "image", content-desc: "", text: "", selected: "false", checked:  "false", text: ) to click
index-42: a View ( resource_id "text", content-desc: "", text: "Home", selected: "false", checked:  "false", text: Home) to click
index-43: a View ( resource_id "image", content-desc: "", text: "", selected: "false", checked:  "false", text: ) to click
index-44: a View ( resource_id "text", content-desc: "", text: "Shorts", selected: "false", checked:  "false", text: Shorts) to click
index-45: a View ( resource_id "image", content-desc: "", text: "", selected: "false", checked:  "false", text: ) to click
index-46: a View ( resource_id "image", content-desc: "", text: "", selected: "false", checked:  "false", text: ) to click
index-47: a View ( resource_id "text", content-desc: "", text: "Subscriptions", selected: "false", checked:  "false", text: Subscriptions) to click
index-48: a View ( resource_id "you_tab_border", content-desc: "", text: "", selected: "true", checked:  "false", text: ) to click
index-49: a View ( resource_id "pivot_bar_thumbnail", content-desc: "", text: "", selected: "true", checked:  "false", text: ) to click
index-50: a View ( resource_id "text", content-desc: "", text: "You", selected: "true", checked:  "false", text: You) to click
We now want to execute this instruction **"Click on 'Settings' to access the settings menu"**, which is part of Remember our test target is to Change the location to United Kingdom on Youtube.
If no widget is related to the instruction, you should choose the most relative widget about the task Remember our test target is to Change the location to United Kingdom on Youtube..Note that Yes and OK are synonyms, and NO and cancel are synonyms. These two words are not distinguished in the task.
Remember our test target is to Change the location to United Kingdom on Youtube.
2025-06-30 16:01:24,264 - INFO - ----------------------do event prompt result----------------------
2025-06-30 16:01:24,264 - INFO - 3
2025-06-30 16:01:38,013 - INFO - ----------------------do event prompt----------------------
2025-06-30 16:01:38,014 - INFO - 
Currently we have 25 widgets, namely:
index-0: a View (accessibility information: Navigate up) to click
index-1: a View ( resource_id "recycler_view", content-desc: "", text: "", selected: "false", checked:  "false", text: ) to vertical_scroll
index-2: a View ( resource_id "recycler_view", content-desc: "", text: "", selected: "false", checked:  "false", text: ) to horizontal_scroll
index-3: a View ( resource_id "icon", content-desc: "", text: "", selected: "false", checked:  "false", text: ) to click
index-4: a View ( resource_id "title", content-desc: "", text: "General", selected: "false", checked:  "false", text: General) to click
index-5: a View ( resource_id "icon", content-desc: "", text: "", selected: "false", checked:  "false", text: ) to click
index-6: a View ( resource_id "title", content-desc: "", text: "Switch account", selected: "false", checked:  "false", text: Switch account) to click
index-7: a View ( resource_id "icon", content-desc: "", text: "", selected: "false", checked:  "false", text: ) to click
index-8: a View ( resource_id "title", content-desc: "", text: "Family Center", selected: "false", checked:  "false", text: Family Center) to click
index-9: a View ( resource_id "icon", content-desc: "", text: "", selected: "false", checked:  "false", text: ) to click
index-10: a View ( resource_id "title", content-desc: "", text: "Notifications", selected: "false", checked:  "false", text: Notifications) to click
index-11: a View ( resource_id "icon", content-desc: "", text: "", selected: "false", checked:  "false", text: ) to click
index-12: a View ( resource_id "title", content-desc: "", text: "Purchases and memberships", selected: "false", checked:  "false", text: Purchases and memberships) to click
index-13: a View ( resource_id "icon", content-desc: "", text: "", selected: "false", checked:  "false", text: ) to click
index-14: a View ( resource_id "title", content-desc: "", text: "Billing & payments", selected: "false", checked:  "false", text: Billing & payments) to click
index-15: a View ( resource_id "icon", content-desc: "", text: "", selected: "false", checked:  "false", text: ) to click
index-16: a View ( resource_id "title", content-desc: "", text: "Manage all history", selected: "false", checked:  "false", text: Manage all history) to click
index-17: a View ( resource_id "icon", content-desc: "", text: "", selected: "false", checked:  "false", text: ) to click
index-18: a View ( resource_id "title", content-desc: "", text: "Your data in YouTube", selected: "false", checked:  "false", text: Your data in YouTube) to click
index-19: a View ( resource_id "icon", content-desc: "", text: "", selected: "false", checked:  "false", text: ) to click
index-20: a View ( resource_id "title", content-desc: "", text: "Privacy", selected: "false", checked:  "false", text: Privacy) to click
index-21: a View ( resource_id "icon", content-desc: "", text: "", selected: "false", checked:  "false", text: ) to click
index-22: a View ( resource_id "title", content-desc: "", text: "Connected apps", selected: "false", checked:  "false", text: Connected apps) to click
index-23: a View ( resource_id "icon", content-desc: "", text: "", selected: "false", checked:  "false", text: ) to click
index-24: a View ( resource_id "title", content-desc: "", text: "Try experimental new features", selected: "false", checked:  "false", text: Try experimental new features) to click
We now want to execute this instruction **"Click on 'General' to access general settings"**, which is part of Remember our test target is to Change the location to United Kingdom on Youtube.
If no widget is related to the instruction, you should choose the most relative widget about the task Remember our test target is to Change the location to United Kingdom on Youtube..Note that Yes and OK are synonyms, and NO and cancel are synonyms. These two words are not distinguished in the task.
Remember our test target is to Change the location to United Kingdom on Youtube.
2025-06-30 16:01:52,153 - INFO - ----------------------do event prompt result----------------------
2025-06-30 16:01:52,154 - INFO - 4
2025-06-30 16:02:13,553 - INFO - This is a event:0
2025-06-30 16:02:23,618 - INFO - -------getAllHistory
2025-06-30 16:02:23,619 - INFO - []
2025-06-30 16:02:23,619 - INFO - ------history_actions  _prompt------
2025-06-30 16:02:23,620 - INFO - -------getAllHistory
2025-06-30 16:02:23,620 - INFO - []
2025-06-30 16:02:23,621 - INFO - []
2025-06-30 16:02:23,687 - INFO - --------check_instructions------prompt
2025-06-30 16:02:35,971 - INFO - --------check_instructions------answer
2025-06-30 16:02:35,971 - INFO - ```json
{
    "task": "Change the location to United Kingdom",
    "explanation": {
        "current state": "Currently on the YouTube home screen, not in settings",
        "finished step": "None",
        "error reason": "Need to navigate to settings first",
        "revised method": "Add steps to access settings from current screen",
        "next_instruction": "Click on the 'You' tab at the bottom right to access profile/settings"
    },
    "updated_activities_sequence": [
        {
            "activity": "MainActivity",
            "steps": [
                "1. Click on the 'You' tab at the bottom right to access profile/settings"
            ]
        },
        {
            "activity": "Shell_SettingsActivity",
            "steps": [
                "2. Navigate to the settings section of the YouTube application.",
                "3. Locate and select the 'General' or 'Preferences' option within the settings menu."
            ]
        },
        {
            "activity": "SettingsActivity",
            "steps": [
                "4. Scroll through the settings options to find the 'Location' or 'Region' setting.",
                "5. Select the 'Location' or 'Region' option to open the location settings.",
                "6. Choose 'United Kingdom' from the list of available locations.",
                "7. Confirm the selection to apply the new location settings."
            ]
        }
    ]
}
```
2025-06-30 16:02:36,004 - INFO - ----------------------do event prompt----------------------
2025-06-30 16:02:36,005 - INFO - 
Currently we have 37 widgets, namely:
index-0: a View (accessibility information: ,  resource_id "watch_while_layout_coordinator_layout", content-desc: "", text: "", selected: "false", checked:  "false", text: ) to vertical_scroll
index-1: a View (accessibility information: ,  resource_id "watch_while_layout_coordinator_layout", content-desc: "", text: "", selected: "false", checked:  "false", text: ) to horizontal_scroll
index-2: a View (accessibility information: Cast. Disconnected,  resource_id "media_route_button", content-desc: "Cast. Disconnected", text: "", selected: "false", checked:  "false", text: ) to click
index-3: a View (accessibility information: Notifications,  resource_id "menu_item_view", content-desc: "Notifications", text: "", selected: "false", checked:  "false", text: ) to click
index-4: a View (accessibility information: Search,  resource_id "menu_item_view", content-desc: "Search", text: "", selected: "false", checked:  "false", text: ) to click
index-5: a View (accessibility information: filters, text: ) to vertical_scroll
index-6: a View (accessibility information: filters, text: ) to horizontal_scroll
index-7: a View (accessibility information: , text: ) to click
index-8: a View (accessibility information: ,  resource_id "chip_cloud_chip_modern_text", content-desc: "", text: "All", selected: "true", checked:  "false", text: All) to click
index-9: a View (accessibility information: ,  resource_id "chip_cloud_chip_modern_text", content-desc: "", text: "Podcasts", selected: "false", checked:  "false", text: Podcasts) to click
index-10: a View (accessibility information: ,  resource_id "chip_cloud_chip_modern_text", content-desc: "", text: "Badminton", selected: "false", checked:  "false", text: Badminton) to click
index-11: a View (accessibility information: ,  resource_id "chip_cloud_chip_modern_text", content-desc: "", text: "Gaming", selected: "false", checked:  "false", text: Gaming) to click
index-12: a View (accessibility information: ,  resource_id "results", content-desc: "", text: "", selected: "false", checked:  "false", text: ) to vertical_scroll
index-13: a View (accessibility information: ,  resource_id "results", content-desc: "", text: "", selected: "false", checked:  "false", text: ) to horizontal_scroll
index-14: a View (accessibility information: , text: ) to click
index-15: a View (accessibility information: , text: ) to click
index-16: a View (accessibility information: , text: ) to click
index-17: a View (accessibility information: , text: ) to click
index-18: a View (accessibility information: More options, text: ) to click
index-19: a View (accessibility information: Action menu, text: ) to click
index-20: a View (accessibility information: , text: ) to click
index-21: a View (accessibility information: , text: ) to click
index-22: a View (accessibility information: , text: ) to click
index-23: a View (accessibility information: More actions, text: ) to click
index-24: a View (accessibility information: , text: ) to click
index-25: a View (accessibility information: , text: ) to click
index-26: a View (accessibility information: , text: ) to click
index-27: a View (accessibility information: More actions, text: ) to click
index-28: a View (accessibility information: ,  resource_id "image", content-desc: "", text: "", selected: "true", checked:  "false", text: ) to click
index-29: a View (accessibility information: ,  resource_id "text", content-desc: "", text: "Home", selected: "true", checked:  "false", text: Home) to click
index-30: a View (accessibility information: ,  resource_id "image", content-desc: "", text: "", selected: "false", checked:  "false", text: ) to click
index-31: a View (accessibility information: ,  resource_id "text", content-desc: "", text: "Shorts", selected: "false", checked:  "false", text: Shorts) to click
index-32: a View (accessibility information: ,  resource_id "image", content-desc: "", text: "", selected: "false", checked:  "false", text: ) to click
index-33: a View (accessibility information: ,  resource_id "image", content-desc: "", text: "", selected: "false", checked:  "false", text: ) to click
index-34: a View (accessibility information: ,  resource_id "text", content-desc: "", text: "Subscriptions", selected: "false", checked:  "false", text: Subscriptions) to click
index-35: a View (accessibility information: ,  resource_id "pivot_bar_thumbnail", content-desc: "", text: "", selected: "false", checked:  "false", text: ) to click
index-36: a View (accessibility information: ,  resource_id "text", content-desc: "", text: "You", selected: "false", checked:  "false", text: You) to click
We now want to execute this instruction **"Click on the 'You' tab at the bottom right to access profile/settings"**, which is part of Remember our test target is to Change the location to United Kingdom on Youtube.
If no widget is related to the instruction, you should choose the most relative widget about the task Remember our test target is to Change the location to United Kingdom on Youtube..Note that Yes and OK are synonyms, and NO and cancel are synonyms. These two words are not distinguished in the task.
Remember our test target is to Change the location to United Kingdom on Youtube.
2025-06-30 16:02:38,633 - INFO - ----------------------do event prompt result----------------------
2025-06-30 16:02:38,634 - INFO - 36
2025-06-30 16:02:55,661 - INFO - ----------------------do event prompt----------------------
2025-06-30 16:02:58,644 - INFO - ----------------------do event prompt result----------------------
2025-06-30 16:02:58,645 - INFO - 3
2025-06-30 16:03:17,048 - INFO - ----------------------do event prompt----------------------
2025-06-30 16:03:17,049 - INFO - 
Currently we have 25 widgets, namely:
index-0: a View (accessibility information: Navigate up) to click
index-1: a View ( resource_id "recycler_view", content-desc: "", text: "", selected: "false", checked:  "false", text: ) to vertical_scroll
index-2: a View ( resource_id "recycler_view", content-desc: "", text: "", selected: "false", checked:  "false", text: ) to horizontal_scroll
index-3: a View ( resource_id "icon", content-desc: "", text: "", selected: "false", checked:  "false", text: ) to click
index-4: a View ( resource_id "title", content-desc: "", text: "General", selected: "false", checked:  "false", text: General) to click
index-5: a View ( resource_id "icon", content-desc: "", text: "", selected: "false", checked:  "false", text: ) to click
index-6: a View ( resource_id "title", content-desc: "", text: "Switch account", selected: "false", checked:  "false", text: Switch account) to click
index-7: a View ( resource_id "icon", content-desc: "", text: "", selected: "false", checked:  "false", text: ) to click
index-8: a View ( resource_id "title", content-desc: "", text: "Family Center", selected: "false", checked:  "false", text: Family Center) to click
index-9: a View ( resource_id "icon", content-desc: "", text: "", selected: "false", checked:  "false", text: ) to click
index-10: a View ( resource_id "title", content-desc: "", text: "Notifications", selected: "false", checked:  "false", text: Notifications) to click
index-11: a View ( resource_id "icon", content-desc: "", text: "", selected: "false", checked:  "false", text: ) to click
index-12: a View ( resource_id "title", content-desc: "", text: "Purchases and memberships", selected: "false", checked:  "false", text: Purchases and memberships) to click
index-13: a View ( resource_id "icon", content-desc: "", text: "", selected: "false", checked:  "false", text: ) to click
index-14: a View ( resource_id "title", content-desc: "", text: "Billing & payments", selected: "false", checked:  "false", text: Billing & payments) to click
index-15: a View ( resource_id "icon", content-desc: "", text: "", selected: "false", checked:  "false", text: ) to click
index-16: a View ( resource_id "title", content-desc: "", text: "Manage all history", selected: "false", checked:  "false", text: Manage all history) to click
index-17: a View ( resource_id "icon", content-desc: "", text: "", selected: "false", checked:  "false", text: ) to click
index-18: a View ( resource_id "title", content-desc: "", text: "Your data in YouTube", selected: "false", checked:  "false", text: Your data in YouTube) to click
index-19: a View ( resource_id "icon", content-desc: "", text: "", selected: "false", checked:  "false", text: ) to click
index-20: a View ( resource_id "title", content-desc: "", text: "Privacy", selected: "false", checked:  "false", text: Privacy) to click
index-21: a View ( resource_id "icon", content-desc: "", text: "", selected: "false", checked:  "false", text: ) to click
index-22: a View ( resource_id "title", content-desc: "", text: "Connected apps", selected: "false", checked:  "false", text: Connected apps) to click
index-23: a View ( resource_id "icon", content-desc: "", text: "", selected: "false", checked:  "false", text: ) to click
index-24: a View ( resource_id "title", content-desc: "", text: "Try experimental new features", selected: "false", checked:  "false", text: Try experimental new features) to click
We now want to execute this instruction **"Click 'General' to access general settings"**, which is part of Remember our test target is to Change the location to United Kingdom on Youtube.
If no widget is related to the instruction, you should choose the most relative widget about the task Remember our test target is to Change the location to United Kingdom on Youtube..Note that Yes and OK are synonyms, and NO and cancel are synonyms. These two words are not distinguished in the task.
Remember our test target is to Change the location to United Kingdom on Youtube.
2025-06-30 16:03:19,632 - INFO - ----------------------do event prompt result----------------------
2025-06-30 16:03:19,633 - INFO - 4
2025-06-30 16:03:35,061 - INFO - ----------------------do event prompt----------------------
2025-06-30 16:03:35,062 - INFO - 
Currently we have 26 widgets, namely:
index-0: a View (accessibility information: Navigate up) to click
index-1: a View ( resource_id "recycler_view", content-desc: "", text: "", selected: "false", checked:  "false", text: ) to vertical_scroll
index-2: a View ( resource_id "recycler_view", content-desc: "", text: "", selected: "false", checked:  "false", text: ) to horizontal_scroll
index-3: a View ( resource_id "title", content-desc: "", text: "Remind me to take a break", selected: "false", checked:  "false", text: Remind me to take a break) to click
index-4: a View ( resource_id "summary", content-desc: "", text: "Off", selected: "false", checked:  "false", text: Off) to click
index-5: a View ( resource_id "toggle", content-desc: "", text: "", selected: "false", checked:  "false", text: ) to click
index-6: a View ( resource_id "title", content-desc: "", text: "Remind me when it's bedtime", selected: "false", checked:  "false", text: Remind me when it's bedtime) to click
index-7: a View ( resource_id "summary", content-desc: "", text: "Off", selected: "false", checked:  "false", text: Off) to click
index-8: a View ( resource_id "switch_button", content-desc: "", text: "", selected: "false", checked:  "false", text: ) to click
index-9: a View ( resource_id "title", content-desc: "", text: "Appearance", selected: "false", checked:  "false", text: Appearance) to click
index-10: a View ( resource_id "summary", content-desc: "", text: "Choose your light or dark theme preference", selected: "false", checked:  "false", text: Choose your light or dark theme preference) to click
index-11: a View ( resource_id "title", content-desc: "", text: "App language", selected: "false", checked:  "false", text: App language) to click
index-12: a View ( resource_id "summary", content-desc: "", text: "English (United States)", selected: "false", checked:  "false", text: English (United States)) to click
index-13: a View ( resource_id "title", content-desc: "", text: "Playback in feeds", selected: "false", checked:  "false", text: Playback in feeds) to click
index-14: a View ( resource_id "summary", content-desc: "", text: "Choose whether videos play as you browse", selected: "false", checked:  "false", text: Choose whether videos play as you browse) to click
index-15: a View ( resource_id "title", content-desc: "", text: "Voice search language", selected: "false", checked:  "false", text: Voice search language) to click
index-16: a View ( resource_id "summary", content-desc: "", text: "Default", selected: "false", checked:  "false", text: Default) to click
index-17: a View ( resource_id "title", content-desc: "", text: "Location", selected: "false", checked:  "false", text: Location) to click
index-18: a View ( resource_id "summary", content-desc: "", text: "United States", selected: "false", checked:  "false", text: United States) to click
index-19: a View ( resource_id "title", content-desc: "", text: "Restricted Mode", selected: "false", checked:  "false", text: Restricted Mode) to click
index-20: a View ( resource_id "summary", content-desc: "", text: "This helps hide potentially mature videos. No filter is 100% accurate. This setting only applies to this app on this device", selected: "false", checked:  "false", text: This helps hide potentially mature videos. No filter is 100% accurate. This setting only applies to this app on this device) to click
index-21: a View ( resource_id "switch_widget", content-desc: "", text: "", selected: "false", checked:  "false", text: ) to click
index-22: a View ( resource_id "title", content-desc: "", text: "Enable stats for nerds", selected: "false", checked:  "false", text: Enable stats for nerds) to click
index-23: a View ( resource_id "switch_widget", content-desc: "", text: "", selected: "false", checked:  "false", text: ) to click
index-24: a View (text: ) to click
index-25: a View ( resource_id "widget_frame", content-desc: "", text: "", selected: "false", checked:  "false", text: ) to click
We now want to execute this instruction **"Click 'Location' to open location settings"**, which is part of Remember our test target is to Change the location to United Kingdom on Youtube.
If no widget is related to the instruction, you should choose the most relative widget about the task Remember our test target is to Change the location to United Kingdom on Youtube..Note that Yes and OK are synonyms, and NO and cancel are synonyms. These two words are not distinguished in the task.
Remember our test target is to Change the location to United Kingdom on Youtube.
2025-06-30 16:03:37,830 - INFO - ----------------------do event prompt result----------------------
2025-06-30 16:03:37,831 - INFO - 17
2025-06-30 16:03:53,012 - INFO - ----------------------do event prompt----------------------
2025-06-30 16:03:53,012 - INFO - 
Currently we have 16 widgets, namely:
index-0: a View ( resource_id "select_dialog_listview", content-desc: "", text: "", selected: "false", checked:  "false", text: ) to vertical_scroll
index-1: a View ( resource_id "select_dialog_listview", content-desc: "", text: "", selected: "false", checked:  "false", text: ) to horizontal_scroll
index-2: a View ( resource_id "text1", content-desc: "", text: "Thailand", selected: "false", checked:  "false", text: Thailand) to click
index-3: a View ( resource_id "text1", content-desc: "", text: "Tunisia", selected: "false", checked:  "false", text: Tunisia) to click
index-4: a View ( resource_id "text1", content-desc: "", text: "Turkey", selected: "false", checked:  "false", text: Turkey) to click
index-5: a View ( resource_id "text1", content-desc: "", text: "Uganda", selected: "false", checked:  "false", text: Uganda) to click
index-6: a View ( resource_id "text1", content-desc: "", text: "Ukraine", selected: "false", checked:  "false", text: Ukraine) to click
index-7: a View ( resource_id "text1", content-desc: "", text: "United Arab Emirates", selected: "false", checked:  "false", text: United Arab Emirates) to click
index-8: a View ( resource_id "text1", content-desc: "", text: "United Kingdom", selected: "false", checked:  "false", text: United Kingdom) to click
index-9: a View ( resource_id "text1", content-desc: "", text: "United States", selected: "false", checked:  "true", text: United States) to click
index-10: a View ( resource_id "text1", content-desc: "", text: "Uruguay", selected: "false", checked:  "false", text: Uruguay) to click
index-11: a View ( resource_id "text1", content-desc: "", text: "Venezuela", selected: "false", checked:  "false", text: Venezuela) to click
index-12: a View ( resource_id "text1", content-desc: "", text: "Vietnam", selected: "false", checked:  "false", text: Vietnam) to click
index-13: a View ( resource_id "text1", content-desc: "", text: "Yemen", selected: "false", checked:  "false", text: Yemen) to click
index-14: a View ( resource_id "text1", content-desc: "", text: "Zimbabwe", selected: "false", checked:  "false", text: Zimbabwe) to click
index-15: a View ( resource_id "button2", content-desc: "", text: "CANCEL", selected: "false", checked:  "false", text: CANCEL) to click
We now want to execute this instruction **"Click 'United Kingdom' to select it as the new location"**, which is part of Remember our test target is to Change the location to United Kingdom on Youtube.
If no widget is related to the instruction, you should choose the most relative widget about the task Remember our test target is to Change the location to United Kingdom on Youtube..Note that Yes and OK are synonyms, and NO and cancel are synonyms. These two words are not distinguished in the task.
Remember our test target is to Change the location to United Kingdom on Youtube.
2025-06-30 16:03:55,387 - INFO - ----------------------do event prompt result----------------------
2025-06-30 16:03:55,388 - INFO - 8
