2025-06-30 16:01:28,910 - INFO - add----event........
2025-06-30 16:01:28,912 - INFO - Event(action=click, widget=a View (accessibility information: Settings,  resource_id "menu_item_view", content-desc: "Settings", text: "", selected: "false", checked:  "false"))
2025-06-30 16:01:28,917 - INFO - [Event(action=click, widget=a View (accessibility information: ,  resource_id "text", content-desc: "", text: "You", selected: "false", checked:  "false", text: You)), Event(action=click, widget=a View (accessibility information: Settings,  resource_id "menu_item_view", content-desc: "Settings", text: "", selected: "false", checked:  "false"))]
2025-06-30 16:01:30,859 - INFO - This is a event:2
2025-06-30 16:01:30,915 - INFO - -------getAllHistory
2025-06-30 16:01:30,918 - INFO - [Event(action=click, widget=a View (accessibility information: ,  resource_id "text", content-desc: "", text: "You", selected: "false", checked:  "false", text: You)), Event(action=click, widget=a View (accessibility information: Settings,  resource_id "menu_item_view", content-desc: "Settings", text: "", selected: "false", checked:  "false"))]
2025-06-30 16:01:30,919 - INFO - ------history_actions  _prompt------
2025-06-30 16:01:30,920 - INFO - -------getAllHistory
2025-06-30 16:01:30,922 - INFO - [Event(action=click, widget=a View (accessibility information: ,  resource_id "text", content-desc: "", text: "You", selected: "false", checked:  "false", text: You)), Event(action=click, widget=a View (accessibility information: Settings,  resource_id "menu_item_view", content-desc: "Settings", text: "", selected: "false", checked:  "false"))]
2025-06-30 16:01:30,922 - INFO - [Event(action=click, widget=a View (accessibility information: ,  resource_id "text", content-desc: "", text: "You", selected: "false", checked:  "false", text: You)), Event(action=click, widget=a View (accessibility information: Settings,  resource_id "menu_item_view", content-desc: "Settings", text: "", selected: "false", checked:  "false"))]
2025-06-30 16:01:31,012 - INFO - --------check_instructions------prompt
2025-06-30 16:01:37,979 - INFO - --------check_instructions------answer
2025-06-30 16:01:37,980 - INFO - ```json
{
    "task": "Change the location to United Kingdom",
    "explanation": {
        "current state": "Currently in the settings menu of the YouTube application",
        "finished step": "Accessed the settings menu",
        "error reason": "",
        "revised method": "",
        "next_instruction": "Click on 'General' to access general settings"
    },
    "updated_activities_sequence": [
        {
            "activity": "Shell_SettingsActivity",
            "steps": [
                "1. Navigate to the settings menu within the YouTube application.",
                "2. Click on 'General' to access general settings"
            ]
        },
        {
            "activity": "SettingsActivity",
            "steps": [
                "3. Find the 'Location' or 'Region' preference in the settings list.",
                "4. Select 'United Kingdom' from the available location options.",
                "5. Confirm the selection to apply the new location settings."
            ]
        }
    ]
}
```
2025-06-30 16:03:03,287 - INFO - add----event........
2025-06-30 16:03:03,289 - INFO - Event(action=click, widget=a View (accessibility information: Settings,  resource_id "menu_item_view", content-desc: "Settings", text: "", selected: "false", checked:  "false"))
2025-06-30 16:03:03,293 - INFO - [Event(action=click, widget=a View (accessibility information: ,  resource_id "text", content-desc: "", text: "You", selected: "false", checked:  "false", text: You)), Event(action=click, widget=a View (accessibility information: Settings,  resource_id "menu_item_view", content-desc: "Settings", text: "", selected: "false", checked:  "false"))]
2025-06-30 16:03:05,170 - INFO - This is a event:2
2025-06-30 16:03:05,245 - INFO - -------getAllHistory
2025-06-30 16:03:05,249 - INFO - [Event(action=click, widget=a View (accessibility information: ,  resource_id "text", content-desc: "", text: "You", selected: "false", checked:  "false", text: You)), Event(action=click, widget=a View (accessibility information: Settings,  resource_id "menu_item_view", content-desc: "Settings", text: "", selected: "false", checked:  "false"))]
2025-06-30 16:03:05,249 - INFO - ------history_actions  _prompt------
2025-06-30 16:03:05,250 - INFO - -------getAllHistory
2025-06-30 16:03:05,252 - INFO - [Event(action=click, widget=a View (accessibility information: ,  resource_id "text", content-desc: "", text: "You", selected: "false", checked:  "false", text: You)), Event(action=click, widget=a View (accessibility information: Settings,  resource_id "menu_item_view", content-desc: "Settings", text: "", selected: "false", checked:  "false"))]
2025-06-30 16:03:05,253 - INFO - [Event(action=click, widget=a View (accessibility information: ,  resource_id "text", content-desc: "", text: "You", selected: "false", checked:  "false", text: You)), Event(action=click, widget=a View (accessibility information: Settings,  resource_id "menu_item_view", content-desc: "Settings", text: "", selected: "false", checked:  "false"))]
2025-06-30 16:03:05,318 - INFO - --------check_instructions------prompt
2025-06-30 16:03:16,994 - INFO - --------check_instructions------answer
2025-06-30 16:03:16,995 - INFO - ```json
{
    "task": "Change the location to United Kingdom",
    "explanation": {
        "current state": "Currently in SettingsActivity, General option is visible",
        "finished step": "Clicked 'You' tab and 'Settings'",
        "error reason": "",
        "revised method": "",
        "next_instruction": "Click 'General' to access general settings"
    },
    "updated_activities_sequence": [
        {
            "activity": "MainActivity",
            "steps": [
                "1. Click on the 'You' tab at the bottom right to access profile/settings"
            ]
        },
        {
            "activity": "Shell_SettingsActivity",
            "steps": [
                "2. Click 'Settings' to navigate to the settings section of the YouTube application"
            ]
        },
        {
            "activity": "SettingsActivity",
            "steps": [
                "3. Click 'General' to access general settings",
                "4. Scroll through the settings options to find the 'Location' or 'Region' setting",
                "5. Select the 'Location' or 'Region' option to open the location settings",
                "6. Choose 'United Kingdom' from the list of available locations",
                "7. Confirm the selection to apply the new location settings"
            ]
        }
    ]
}
```
