2025-06-30 16:04:00,281 - INFO - add----event........
2025-06-30 16:04:00,283 - INFO - Event(action=click, widget=a View ( resource_id "text1", content-desc: "", text: "United Kingdom", selected: "false", checked:  "false", text: United Kingdom))
2025-06-30 16:04:00,289 - INFO - [Event(action=click, widget=a View (accessibility information: ,  resource_id "text", content-desc: "", text: "You", selected: "false", checked:  "false", text: You)), Event(action=click, widget=a View (accessibility information: Settings,  resource_id "menu_item_view", content-desc: "Settings", text: "", selected: "false", checked:  "false")), Event(action=click, widget=a View ( resource_id "title", content-desc: "", text: "General", selected: "false", checked:  "false", text: General)), Event(action=click, widget=a View ( resource_id "title", content-desc: "", text: "Location", selected: "false", checked:  "false", text: Location)), Event(action=click, widget=a View ( resource_id "text1", content-desc: "", text: "United Kingdom", selected: "false", checked:  "false", text: United Kingdom))]
2025-06-30 16:04:02,216 - INFO - This is a event:5
2025-06-30 16:04:02,290 - INFO - -------getAllHistory
2025-06-30 16:04:02,300 - INFO - [Event(action=click, widget=a View (accessibility information: ,  resource_id "text", content-desc: "", text: "You", selected: "false", checked:  "false", text: You)), Event(action=click, widget=a View (accessibility information: Settings,  resource_id "menu_item_view", content-desc: "Settings", text: "", selected: "false", checked:  "false")), Event(action=click, widget=a View ( resource_id "title", content-desc: "", text: "General", selected: "false", checked:  "false", text: General)), Event(action=click, widget=a View ( resource_id "title", content-desc: "", text: "Location", selected: "false", checked:  "false", text: Location)), Event(action=click, widget=a View ( resource_id "text1", content-desc: "", text: "United Kingdom", selected: "false", checked:  "false", text: United Kingdom))]
2025-06-30 16:04:02,300 - INFO - ------history_actions  _prompt------
2025-06-30 16:04:02,301 - INFO - -------getAllHistory
2025-06-30 16:04:02,339 - INFO - [Event(action=click, widget=a View (accessibility information: ,  resource_id "text", content-desc: "", text: "You", selected: "false", checked:  "false", text: You)), Event(action=click, widget=a View (accessibility information: Settings,  resource_id "menu_item_view", content-desc: "Settings", text: "", selected: "false", checked:  "false")), Event(action=click, widget=a View ( resource_id "title", content-desc: "", text: "General", selected: "false", checked:  "false", text: General)), Event(action=click, widget=a View ( resource_id "title", content-desc: "", text: "Location", selected: "false", checked:  "false", text: Location)), Event(action=click, widget=a View ( resource_id "text1", content-desc: "", text: "United Kingdom", selected: "false", checked:  "false", text: United Kingdom))]
2025-06-30 16:04:02,339 - INFO - [Event(action=click, widget=a View (accessibility information: ,  resource_id "text", content-desc: "", text: "You", selected: "false", checked:  "false", text: You)), Event(action=click, widget=a View (accessibility information: Settings,  resource_id "menu_item_view", content-desc: "Settings", text: "", selected: "false", checked:  "false")), Event(action=click, widget=a View ( resource_id "title", content-desc: "", text: "General", selected: "false", checked:  "false", text: General)), None, Event(action=click, widget=a View ( resource_id "text1", content-desc: "", text: "United Kingdom", selected: "false", checked:  "false", text: United Kingdom))]
2025-06-30 16:04:02,429 - INFO - --------check_instructions------prompt
2025-06-30 16:04:11,610 - INFO - --------check_instructions------answer
2025-06-30 16:04:11,611 - INFO - ```json
{
    "task": "Change the location to United Kingdom",
    "explanation": {
        "current state": "The location has been changed to United Kingdom",
        "finished step": "All steps to change location are done",
        "error reason": "",
        "revised method": "",
        "next_instruction": "none"
    },
    "updated_activities_sequence": [
        {
            "activity": "MainActivity",
            "steps": [
                "1. Click on the 'You' tab at the bottom right to access profile/settings"
            ]
        },
        {
            "activity": "Shell_SettingsActivity",
            "steps": [
                "2. Click 'Settings' to navigate to the settings section of the YouTube application"
            ]
        },
        {
            "activity": "SettingsActivity",
            "steps": [
                "3. Click 'General' to access general settings",
                "4. Click 'Location' to open location settings",
                "5. Click 'United Kingdom' from the list of available locations"
            ]
        }
    ]
}
```
