2025-06-30 16:01:10,771 - INFO - add----event........
2025-06-30 16:01:10,777 - INFO - Event(action=click, widget=a View (accessibility information: ,  resource_id "text", content-desc: "", text: "You", selected: "false", checked:  "false", text: You))
2025-06-30 16:01:10,779 - INFO - [Event(action=click, widget=a View (accessibility information: ,  resource_id "text", content-desc: "", text: "You", selected: "false", checked:  "false", text: You))]
2025-06-30 16:01:13,163 - INFO - This is a event:1
2025-06-30 16:01:13,245 - INFO - -------getAllHistory
2025-06-30 16:01:13,247 - INFO - [Event(action=click, widget=a View (accessibility information: ,  resource_id "text", content-desc: "", text: "You", selected: "false", checked:  "false", text: You))]
2025-06-30 16:01:13,258 - INFO - ------history_actions  _prompt------
2025-06-30 16:01:13,258 - INFO - -------getAllHistory
2025-06-30 16:01:13,259 - INFO - [Event(action=click, widget=a View (accessibility information: ,  resource_id "text", content-desc: "", text: "You", selected: "false", checked:  "false", text: You))]
2025-06-30 16:01:13,259 - INFO - [Event(action=click, widget=a View (accessibility information: ,  resource_id "text", content-desc: "", text: "You", selected: "false", checked:  "false", text: You))]
2025-06-30 16:01:13,325 - INFO - --------check_instructions------prompt
2025-06-30 16:01:21,448 - INFO - --------check_instructions------answer
2025-06-30 16:01:21,448 - INFO - ```json
{
    "task": "Change the location to United Kingdom",
    "explanation": {
        "current state": "The current screen shows the YouTube app's main interface with the 'You' tab selected",
        "finished step": "Clicked on the 'You' tab to access the user profile and settings",
        "error reason": "",
        "revised method": "",
        "next_instruction": "Click on 'Settings' to access the settings menu"
    },
    "updated_activities_sequence": [
        {
            "activity": "Shell_SettingsActivity",
            "steps": [
                "1. Navigate to the settings menu within the YouTube application.",
                "2. Locate and select the 'Location' or 'Region' settings option."
            ]
        },
        {
            "activity": "SettingsActivity",
            "steps": [
                "3. Find the 'Location' or 'Region' preference in the settings list.",
                "4. Select 'United Kingdom' from the available location options.",
                "5. Confirm the selection to apply the new location settings."
            ]
        }
    ]
}
```
2025-06-30 16:02:43,952 - INFO - add----event........
2025-06-30 16:02:43,954 - INFO - Event(action=click, widget=a View (accessibility information: ,  resource_id "text", content-desc: "", text: "You", selected: "false", checked:  "false", text: You))
2025-06-30 16:02:43,957 - INFO - [Event(action=click, widget=a View (accessibility information: ,  resource_id "text", content-desc: "", text: "You", selected: "false", checked:  "false", text: You))]
2025-06-30 16:02:46,494 - INFO - This is a event:1
2025-06-30 16:02:46,566 - INFO - -------getAllHistory
2025-06-30 16:02:46,569 - INFO - [Event(action=click, widget=a View (accessibility information: ,  resource_id "text", content-desc: "", text: "You", selected: "false", checked:  "false", text: You))]
2025-06-30 16:02:46,569 - INFO - ------history_actions  _prompt------
2025-06-30 16:02:46,570 - INFO - -------getAllHistory
2025-06-30 16:02:46,572 - INFO - [Event(action=click, widget=a View (accessibility information: ,  resource_id "text", content-desc: "", text: "You", selected: "false", checked:  "false", text: You))]
2025-06-30 16:02:46,574 - INFO - [Event(action=click, widget=a View (accessibility information: ,  resource_id "text", content-desc: "", text: "You", selected: "false", checked:  "false", text: You))]
2025-06-30 16:02:46,654 - INFO - --------check_instructions------prompt
2025-06-30 16:02:55,629 - INFO - --------check_instructions------answer
2025-06-30 16:02:55,630 - INFO - ```json
{
    "task": "Change the location to United Kingdom",
    "explanation": {
        "current state": "Currently in the 'You' tab, ready to access settings",
        "finished step": "Clicked on the 'You' tab",
        "error reason": "",
        "revised method": "",
        "next_instruction": "Click 'Settings' to navigate to the settings section"
    },
    "updated_activities_sequence": [
        {
            "activity": "MainActivity",
            "steps": [
                "1. Click on the 'You' tab at the bottom right to access profile/settings"
            ]
        },
        {
            "activity": "Shell_SettingsActivity",
            "steps": [
                "2. Click 'Settings' to navigate to the settings section of the YouTube application",
                "3. Locate and select the 'General' or 'Preferences' option within the settings menu"
            ]
        },
        {
            "activity": "SettingsActivity",
            "steps": [
                "4. Scroll through the settings options to find the 'Location' or 'Region' setting",
                "5. Select the 'Location' or 'Region' option to open the location settings",
                "6. Choose 'United Kingdom' from the list of available locations",
                "7. Confirm the selection to apply the new location settings"
            ]
        }
    ]
}
```
