2025-06-30 16:03:42,459 - INFO - add----event........
2025-06-30 16:03:42,464 - INFO - Event(action=click, widget=a View ( resource_id "title", content-desc: "", text: "Location", selected: "false", checked:  "false", text: Location))
2025-06-30 16:03:42,480 - INFO - [Event(action=click, widget=a View (accessibility information: ,  resource_id "text", content-desc: "", text: "You", selected: "false", checked:  "false", text: You)), Event(action=click, widget=a View (accessibility information: Settings,  resource_id "menu_item_view", content-desc: "Settings", text: "", selected: "false", checked:  "false")), Event(action=click, widget=a View ( resource_id "title", content-desc: "", text: "General", selected: "false", checked:  "false", text: General)), Event(action=click, widget=a View ( resource_id "title", content-desc: "", text: "Location", selected: "false", checked:  "false", text: Location))]
2025-06-30 16:03:44,329 - INFO - This is a event:4
2025-06-30 16:03:44,396 - INFO - -------getAllHistory
2025-06-30 16:03:44,401 - INFO - [Event(action=click, widget=a View (accessibility information: ,  resource_id "text", content-desc: "", text: "You", selected: "false", checked:  "false", text: You)), Event(action=click, widget=a View (accessibility information: Settings,  resource_id "menu_item_view", content-desc: "Settings", text: "", selected: "false", checked:  "false")), Event(action=click, widget=a View ( resource_id "title", content-desc: "", text: "General", selected: "false", checked:  "false", text: General)), Event(action=click, widget=a View ( resource_id "title", content-desc: "", text: "Location", selected: "false", checked:  "false", text: Location))]
2025-06-30 16:03:44,402 - INFO - ------history_actions  _prompt------
2025-06-30 16:03:44,402 - INFO - -------getAllHistory
2025-06-30 16:03:44,408 - INFO - [Event(action=click, widget=a View (accessibility information: ,  resource_id "text", content-desc: "", text: "You", selected: "false", checked:  "false", text: You)), Event(action=click, widget=a View (accessibility information: Settings,  resource_id "menu_item_view", content-desc: "Settings", text: "", selected: "false", checked:  "false")), Event(action=click, widget=a View ( resource_id "title", content-desc: "", text: "General", selected: "false", checked:  "false", text: General)), Event(action=click, widget=a View ( resource_id "title", content-desc: "", text: "Location", selected: "false", checked:  "false", text: Location))]
2025-06-30 16:03:44,409 - INFO - [Event(action=click, widget=a View (accessibility information: ,  resource_id "text", content-desc: "", text: "You", selected: "false", checked:  "false", text: You)), Event(action=click, widget=a View (accessibility information: Settings,  resource_id "menu_item_view", content-desc: "Settings", text: "", selected: "false", checked:  "false")), Event(action=click, widget=a View ( resource_id "title", content-desc: "", text: "General", selected: "false", checked:  "false", text: General)), Event(action=click, widget=a View ( resource_id "title", content-desc: "", text: "Location", selected: "false", checked:  "false", text: Location))]
2025-06-30 16:03:44,478 - INFO - --------check_instructions------prompt
2025-06-30 16:03:52,985 - INFO - --------check_instructions------answer
2025-06-30 16:03:52,986 - INFO - ```json
{
    "task": "Change the location to United Kingdom",
    "explanation": {
        "current state": "The location selection screen is displayed with 'United Kingdom' available",
        "finished step": "All steps leading to the location selection screen are done",
        "error reason": "",
        "revised method": "",
        "next_instruction": "Click 'United Kingdom' to select it as the new location"
    },
    "updated_activities_sequence": [
        {
            "activity": "MainActivity",
            "steps": [
                "1. Click on the 'You' tab at the bottom right to access profile/settings"
            ]
        },
        {
            "activity": "Shell_SettingsActivity",
            "steps": [
                "2. Click 'Settings' to navigate to the settings section of the YouTube application"
            ]
        },
        {
            "activity": "SettingsActivity",
            "steps": [
                "3. Click 'General' to access general settings",
                "4. Click 'Location' to open location settings",
                "5. Click 'United Kingdom' from the list of available locations"
            ]
        }
    ]
}
```
